# JRE version: Java(TM) SE Runtime Environment (8.0_192-b12) (build 1.8.0_192-b12)
# Java VM: Java HotSpot(TM) 64-Bit Server VM (25.192-b12 mixed mode windows-amd64 compressed oops)
Heap:
 PSYoungGen      total 571904K, used 95519K [0x00000000d6600000, 0x0000000100000000, 0x0000000100000000)
  eden space 505856K, 5% used [0x00000000d6600000,0x00000000d831eee8,0x00000000f5400000)
  from space 66048K, 99% used [0x00000000f5400000,0x00000000f9428ed8,0x00000000f9480000)
  to   space 93696K, 0% used [0x00000000fa480000,0x00000000fa480000,0x0000000100000000)
 ParOldGen       total 116224K, used 78610K [0x0000000083200000, 0x000000008a380000, 0x00000000d6600000)
  object space 116224K, 67% used [0x0000000083200000,0x0000000087ec49e8,0x000000008a380000)
 Metaspace       used 88985K, capacity 91818K, committed 92120K, reserved 1130496K
  class space    used 10573K, capacity 11214K, committed 11264K, reserved 1048576K
GC Heap History (10 events):
Event: 25753.357 GC heap before
{Heap before GC invocations=24 (full 3):
 PSYoungGen      total 460288K, used 460284K [0x00000000d6600000, 0x00000000f7080000, 0x0000000100000000)
  eden space 415232K, 100% used [0x00000000d6600000,0x00000000efb80000,0x00000000efb80000)
  from space 45056K, 99% used [0x00000000f3000000,0x00000000f5bff3a0,0x00000000f5c00000)
  to   space 53760K, 0% used [0x00000000efb80000,0x00000000efb80000,0x00000000f3000000)
 ParOldGen       total 116224K, used 51235K [0x0000000083200000, 0x000000008a380000, 0x00000000d6600000)
  object space 116224K, 44% used [0x0000000083200000,0x0000000086408c30,0x000000008a380000)
 Metaspace       used 67223K, capacity 69160K, committed 69464K, reserved 1110016K
  class space    used 7736K, capacity 8214K, committed 8320K, reserved 1048576K
Event: 25753.438 GC heap after
Heap after GC invocations=24 (full 3):
 PSYoungGen      total 468992K, used 50820K [0x00000000d6600000, 0x00000000fe100000, 0x0000000100000000)
  eden space 415232K, 0% used [0x00000000d6600000,0x00000000d6600000,0x00000000efb80000)
  from space 53760K, 94% used [0x00000000efb80000,0x00000000f2d21190,0x00000000f3000000)
  to   space 60928K, 0% used [0x00000000fa580000,0x00000000fa580000,0x00000000fe100000)
 ParOldGen       total 116224K, used 58230K [0x0000000083200000, 0x000000008a380000, 0x00000000d6600000)
  object space 116224K, 50% used [0x0000000083200000,0x0000000086add858,0x000000008a380000)
 Metaspace       used 67223K, capacity 69160K, committed 69464K, reserved 1110016K
  class space    used 7736K, capacity 8214K, committed 8320K, reserved 1048576K
}
Event: 25755.758 GC heap before
{Heap before GC invocations=25 (full 3):
 PSYoungGen      total 468992K, used 466052K [0x00000000d6600000, 0x00000000fe100000, 0x0000000100000000)
  eden space 415232K, 100% used [0x00000000d6600000,0x00000000efb80000,0x00000000efb80000)
  from space 53760K, 94% used [0x00000000efb80000,0x00000000f2d21190,0x00000000f3000000)
  to   space 60928K, 0% used [0x00000000fa580000,0x00000000fa580000,0x00000000fe100000)
 ParOldGen       total 116224K, used 58230K [0x0000000083200000, 0x000000008a380000, 0x00000000d6600000)
  object space 116224K, 50% used [0x0000000083200000,0x0000000086add858,0x000000008a380000)
 Metaspace       used 67240K, capacity 69236K, committed 69464K, reserved 1110016K
  class space    used 7739K, capacity 8218K, committed 8320K, reserved 1048576K
Event: 25756.121 GC heap after
Heap after GC invocations=25 (full 3):
 PSYoungGen      total 580096K, used 59917K [0x00000000d6600000, 0x0000000100000000, 0x0000000100000000)
  eden space 519168K, 0% used [0x00000000d6600000,0x00000000d6600000,0x00000000f6100000)
  from space 60928K, 98% used [0x00000000fa580000,0x00000000fe0035a8,0x00000000fe100000)
  to   space 70144K, 0% used [0x00000000f6100000,0x00000000f6100000,0x00000000fa580000)
 ParOldGen       total 116224K, used 62541K [0x0000000083200000, 0x000000008a380000, 0x00000000d6600000)
  object space 116224K, 53% used [0x0000000083200000,0x0000000086f136d0,0x000000008a380000)
 Metaspace       used 67240K, capacity 69236K, committed 69464K, reserved 1110016K
  class space    used 7739K, capacity 8218K, committed 8320K, reserved 1048576K
}
Event: 25800.632 GC heap before
{Heap before GC invocations=26 (full 3):
 PSYoungGen      total 580096K, used 579085K [0x00000000d6600000, 0x0000000100000000, 0x0000000100000000)
  eden space 519168K, 100% used [0x00000000d6600000,0x00000000f6100000,0x00000000f6100000)
  from space 60928K, 98% used [0x00000000fa580000,0x00000000fe0035a8,0x00000000fe100000)
  to   space 70144K, 0% used [0x00000000f6100000,0x00000000f6100000,0x00000000fa580000)
 ParOldGen       total 116224K, used 62541K [0x0000000083200000, 0x000000008a380000, 0x00000000d6600000)
  object space 116224K, 53% used [0x0000000083200000,0x0000000086f136d0,0x000000008a380000)
 Metaspace       used 75102K, capacity 77312K, committed 77400K, reserved 1118208K
  class space    used 8768K, capacity 9314K, committed 9344K, reserved 1048576K
Event: 25801.111 GC heap after
Heap after GC invocations=26 (full 3):
 PSYoungGen      total 589312K, used 68034K [0x00000000d6600000, 0x0000000100000000, 0x0000000100000000)
  eden space 519168K, 0% used [0x00000000d6600000,0x00000000d6600000,0x00000000f6100000)
  from space 70144K, 96% used [0x00000000f6100000,0x00000000fa370ab8,0x00000000fa580000)
  to   space 80384K, 0% used [0x00000000fb180000,0x00000000fb180000,0x0000000100000000)
 ParOldGen       total 116224K, used 67128K [0x0000000083200000, 0x000000008a380000, 0x00000000d6600000)
  object space 116224K, 57% used [0x0000000083200000,0x000000008738e1d0,0x000000008a380000)
 Metaspace       used 75102K, capacity 77312K, committed 77400K, reserved 1118208K
  class space    used 8768K, capacity 9314K, committed 9344K, reserved 1048576K
}
Event: 25887.222 GC heap before
{Heap before GC invocations=27 (full 3):
 PSYoungGen      total 589312K, used 587202K [0x00000000d6600000, 0x0000000100000000, 0x0000000100000000)
  eden space 519168K, 100% used [0x00000000d6600000,0x00000000f6100000,0x00000000f6100000)
  from space 70144K, 96% used [0x00000000f6100000,0x00000000fa370ab8,0x00000000fa580000)
  to   space 80384K, 0% used [0x00000000fb180000,0x00000000fb180000,0x0000000100000000)
 ParOldGen       total 116224K, used 67128K [0x0000000083200000, 0x000000008a380000, 0x00000000d6600000)
  object space 116224K, 57% used [0x0000000083200000,0x000000008738e1d0,0x000000008a380000)
 Metaspace       used 83003K, capacity 85606K, committed 85720K, reserved 1124352K
  class space    used 9802K, capacity 10416K, committed 10496K, reserved 1048576K
Event: 25887.280 GC heap after
Heap after GC invocations=27 (full 3):
 PSYoungGen      total 586240K, used 65908K [0x00000000d6600000, 0x0000000100000000, 0x0000000100000000)
  eden space 505856K, 0% used [0x00000000d6600000,0x00000000d6600000,0x00000000f5400000)
  from space 80384K, 81% used [0x00000000fb180000,0x00000000ff1dd3e0,0x0000000100000000)
  to   space 88064K, 0% used [0x00000000f5400000,0x00000000f5400000,0x00000000faa00000)
 ParOldGen       total 116224K, used 72174K [0x0000000083200000, 0x000000008a380000, 0x00000000d6600000)
  object space 116224K, 62% used [0x0000000083200000,0x000000008787b9d8,0x000000008a380000)
 Metaspace       used 83003K, capacity 85606K, committed 85720K, reserved 1124352K
  class space    used 9802K, capacity 10416K, committed 10496K, reserved 1048576K
}
Event: 25890.035 GC heap before
{Heap before GC invocations=28 (full 3):
 PSYoungGen      total 586240K, used 571764K [0x00000000d6600000, 0x0000000100000000, 0x0000000100000000)
  eden space 505856K, 100% used [0x00000000d6600000,0x00000000f5400000,0x00000000f5400000)
  from space 80384K, 81% used [0x00000000fb180000,0x00000000ff1dd3e0,0x0000000100000000)
  to   space 88064K, 0% used [0x00000000f5400000,0x00000000f5400000,0x00000000faa00000)
 ParOldGen       total 116224K, used 72174K [0x0000000083200000, 0x000000008a380000, 0x00000000d6600000)
  object space 116224K, 62% used [0x0000000083200000,0x000000008787b9d8,0x000000008a380000)
 Metaspace       used 86776K, capacity 89556K, committed 89816K, reserved 1128448K
  class space    used 10312K, capacity 10967K, committed 11008K, reserved 1048576K
Event: 25890.083 GC heap after
Heap after GC invocations=28 (full 3):
 PSYoungGen      total 571904K, used 65699K [0x00000000d6600000, 0x0000000100000000, 0x0000000100000000)
  eden space 505856K, 0% used [0x00000000d6600000,0x00000000d6600000,0x00000000f5400000)
  from space 66048K, 99% used [0x00000000f5400000,0x00000000f9428ed8,0x00000000f9480000)
  to   space 93696K, 0% used [0x00000000fa480000,0x00000000fa480000,0x0000000100000000)
 ParOldGen       total 116224K, used 78610K [0x0000000083200000, 0x000000008a380000, 0x00000000d6600000)
  object space 116224K, 67% used [0x0000000083200000,0x0000000087ec49e8,0x000000008a380000)
 Metaspace       used 86776K, capacity 89556K, committed 89816K, reserved 1128448K
  class space    used 10312K, capacity 10967K, committed 11008K, reserved 1048576K
}

